
init:
   [delete] Deleting directory /Develop/qs-build-6.9.10-20180425/temp/pgw/linux
    [mkdir] Created dir: /Develop/qs-build-6.9.10-20180425/temp/pgw/linux/bin
    [mkdir] Created dir: /Develop/qs-build-6.9.10-20180425/temp/pgw/linux/pgw-linux-1.0.0.0-20181016-165719

copy:
     [copy] Copying 3494 files to /Develop/qs-build-6.9.10-20180425/temp/pgw/linux/pgw-linux-1.0.0.0-20181016-165719
     [copy] Copied 539 empty directories to 17 empty directories under /Develop/qs-build-6.9.10-20180425/temp/pgw/linux/pgw-linux-1.0.0.0-20181016-165719
     [copy] Warning: /Develop/paymentgateway/package/common does not exist.
     [copy] Warning: /Develop/paymentgateway/package/linux does not exist.

after-copy:
     [copy] Copying 11 files to /Develop/qs-build-6.9.10-20180425/temp/pgw/linux/pgw-linux-1.0.0.0-20181016-165719/application/webroot/custom
     [copy] Copied 3 empty directories to 1 empty directory under /Develop/qs-build-6.9.10-20180425/temp/pgw/linux/pgw-linux-1.0.0.0-20181016-165719/application/webroot/custom
     [copy] Copying 6 files to /Develop/qs-build-6.9.10-20180425/temp/pgw/linux/pgw-linux-1.0.0.0-20181016-165719/home/tool/sql/pgw/default

compile:
    [javac] Compiling 60 source files to /Develop/qs-build-6.9.10-20180425/temp/pgw/linux/bin
      [jar] Building jar: /Develop/qs-build-6.9.10-20180425/temp/pgw/linux/pgw-linux-1.0.0.0-20181016-165719/application/webroot/WEB-INF/lib/chainsea-pgw.jar

settings:

BUILD FAILED
/Develop/qs-build-6.9.10-20180425/bin/local/304-bill/build.xml:161: java.lang.NoClassDefFoundError: jdk/internal/reflect/ConstructorAccessorImpl
	at java.base/jdk.internal.misc.Unsafe.defineClass0(Native Method)
	at java.base/jdk.internal.misc.Unsafe.defineClass(Unsafe.java:1192)
	at java.base/jdk.internal.reflect.ClassDefiner.defineClass(ClassDefiner.java:63)
	at java.base/jdk.internal.reflect.MethodAccessorGenerator$1.run(MethodAccessorGenerator.java:400)
	at java.base/jdk.internal.reflect.MethodAccessorGenerator$1.run(MethodAccessorGenerator.java:394)
	at java.base/java.security.AccessController.doPrivileged(Native Method)
	at java.base/jdk.internal.reflect.MethodAccessorGenerator.generate(MethodAccessorGenerator.java:393)
	at java.base/jdk.internal.reflect.MethodAccessorGenerator.generateConstructor(MethodAccessorGenerator.java:92)
	at java.base/jdk.internal.reflect.NativeConstructorAccessorImpl.newInstance(NativeConstructorAccessorImpl.java:55)
	at java.base/jdk.internal.reflect.DelegatingConstructorAccessorImpl.newInstance(DelegatingConstructorAccessorImpl.java:45)
	at java.base/java.lang.reflect.Constructor.newInstance(Constructor.java:488)
	at java.base/java.lang.reflect.Proxy.newProxyInstance(Proxy.java:1015)
	at java.base/java.lang.reflect.Proxy.newProxyInstance(Proxy.java:1001)
	at java.base/sun.reflect.annotation.AnnotationParser$1.run(AnnotationParser.java:305)
	at java.base/sun.reflect.annotation.AnnotationParser$1.run(AnnotationParser.java:303)
	at java.base/java.security.AccessController.doPrivileged(Native Method)
	at java.base/sun.reflect.annotation.AnnotationParser.annotationForMap(AnnotationParser.java:303)
	at java.base/sun.reflect.annotation.AnnotationParser.parseAnnotation2(AnnotationParser.java:293)
	at java.base/sun.reflect.annotation.AnnotationParser.parseAnnotations2(AnnotationParser.java:120)
	at java.base/sun.reflect.annotation.AnnotationParser.parseAnnotations(AnnotationParser.java:72)
	at java.base/java.lang.Class.createAnnotationData(Class.java:3710)
	at java.base/java.lang.Class.annotationData(Class.java:3699)
	at java.base/java.lang.Class.getAnnotation(Class.java:3604)
	at org.apache.logging.log4j.core.pattern.PatternParser.<init>(PatternParser.java:143)
	at org.apache.logging.log4j.core.pattern.PatternParser.<init>(PatternParser.java:113)
	at org.apache.logging.log4j.core.layout.PatternLayout.createPatternParser(PatternLayout.java:246)
	at org.apache.logging.log4j.core.layout.PatternLayout$SerializerBuilder.build(PatternLayout.java:375)
	at org.apache.logging.log4j.core.layout.PatternLayout.<init>(PatternLayout.java:137)
	at org.apache.logging.log4j.core.layout.PatternLayout.<init>(PatternLayout.java:58)
	at org.apache.logging.log4j.core.layout.PatternLayout$Builder.build(PatternLayout.java:652)
	at org.apache.logging.log4j.core.config.AbstractConfiguration.setToDefault(AbstractConfiguration.java:580)
	at org.apache.logging.log4j.core.config.DefaultConfiguration.<init>(DefaultConfiguration.java:47)
	at org.apache.logging.log4j.core.LoggerContext.<init>(LoggerContext.java:86)
	at org.apache.logging.log4j.core.selector.ClassLoaderContextSelector.createContext(ClassLoaderContextSelector.java:171)
	at org.apache.logging.log4j.core.selector.ClassLoaderContextSelector.locateContext(ClassLoaderContextSelector.java:145)
	at org.apache.logging.log4j.core.selector.ClassLoaderContextSelector.getContext(ClassLoaderContextSelector.java:70)
	at org.apache.logging.log4j.core.selector.ClassLoaderContextSelector.getContext(ClassLoaderContextSelector.java:57)
	at org.apache.logging.log4j.core.impl.Log4jContextFactory.getContext(Log4jContextFactory.java:147)
	at org.apache.logging.log4j.core.impl.Log4jContextFactory.getContext(Log4jContextFactory.java:45)
	at org.apache.logging.log4j.LogManager.getContext(LogManager.java:194)
	at org.apache.logging.log4j.spi.AbstractLoggerAdapter.getContext(AbstractLoggerAdapter.java:122)
	at org.apache.logging.slf4j.Log4jLoggerFactory.getContext(Log4jLoggerFactory.java:43)
	at org.apache.logging.log4j.spi.AbstractLoggerAdapter.getLogger(AbstractLoggerAdapter.java:46)
	at org.apache.logging.slf4j.Log4jLoggerFactory.getLogger(Log4jLoggerFactory.java:29)
	at org.slf4j.LoggerFactory.getLogger(LoggerFactory.java:277)
	at org.slf4j.LoggerFactory.getLogger(LoggerFactory.java:288)
	at com.jeedsoft.common.basic.util.FileUtil.<clinit>(FileUtil.java:31)
	at com.jeedsoft.quicksilver.toolset.pack.anttask.PackageSettingsGenerator.main(PackageSettingsGenerator.java:23)
	at java.base/jdk.internal.reflect.NativeMethodAccessorImpl.invoke0(Native Method)
	at java.base/jdk.internal.reflect.NativeMethodAccessorImpl.invoke(NativeMethodAccessorImpl.java:62)
	at java.base/jdk.internal.reflect.DelegatingMethodAccessorImpl.invoke(DelegatingMethodAccessorImpl.java:43)
	at java.base/java.lang.reflect.Method.invoke(Method.java:564)
	at org.apache.tools.ant.taskdefs.ExecuteJava.run(ExecuteJava.java:217)
	at org.apache.tools.ant.taskdefs.ExecuteJava.execute(ExecuteJava.java:152)
	at org.apache.tools.ant.taskdefs.Java.run(Java.java:771)
	at org.apache.tools.ant.taskdefs.Java.executeJava(Java.java:221)
	at org.apache.tools.ant.taskdefs.Java.executeJava(Java.java:135)
	at org.apache.tools.ant.taskdefs.Java.execute(Java.java:108)
	at org.apache.tools.ant.UnknownElement.execute(UnknownElement.java:292)
	at jdk.internal.reflect.GeneratedMethodAccessor4.invoke(Unknown Source)
	at java.base/jdk.internal.reflect.DelegatingMethodAccessorImpl.invoke(DelegatingMethodAccessorImpl.java:43)
	at java.base/java.lang.reflect.Method.invoke(Method.java:564)
	at org.apache.tools.ant.dispatch.DispatchUtils.execute(DispatchUtils.java:106)
	at org.apache.tools.ant.Task.perform(Task.java:348)
	at org.apache.tools.ant.Target.execute(Target.java:435)
	at org.apache.tools.ant.Target.performTasks(Target.java:456)
	at org.apache.tools.ant.Project.executeSortedTargets(Project.java:1393)
	at org.apache.tools.ant.Project.executeTarget(Project.java:1364)
	at org.apache.tools.ant.helper.DefaultExecutor.executeTargets(DefaultExecutor.java:41)
	at org.apache.tools.ant.Project.executeTargets(Project.java:1248)
	at org.apache.tools.ant.Main.runBuild(Main.java:851)
	at org.apache.tools.ant.Main.startAnt(Main.java:235)
	at org.apache.tools.ant.launch.Launcher.run(Launcher.java:280)
	at org.apache.tools.ant.launch.Launcher.main(Launcher.java:109)
Caused by: java.lang.ClassNotFoundException: jdk.internal.reflect.ConstructorAccessorImpl
	at org.apache.tools.ant.AntClassLoader.findClassInComponents(AntClassLoader.java:1374)
	at org.apache.tools.ant.AntClassLoader.findClass(AntClassLoader.java:1323)
	at org.apache.tools.ant.AntClassLoader.loadClass(AntClassLoader.java:1082)
	at java.base/java.lang.ClassLoader.loadClass(ClassLoader.java:499)
	... 74 more

Total time: 7 seconds
